<?xml version="1.0" encoding="UTF-8"?>
<testsuite xmlns:xsi="http://www.w3.org/2001/XMLSchema-instance" xsi:noNamespaceSchemaLocation="https://maven.apache.org/surefire/maven-surefire-plugin/xsd/surefire-test-report-3.0.xsd" version="3.0" name="com.saucedemo.solution.E2ESolutionTests" time="7.33" tests="1" errors="0" skipped="0" failures="0">
  <properties>
[...]
</properties>
  <testcase name="appRenders" classname="com.saucedemo.solution.E2ESolutionTests" time="7.33">
    <system-out><![CDATA[SauceOnDemandSessionID=608fe1ac617d451f9dc132cdc3a07f7b job-name=appRenders
Test Job Link: https://app.saucelabs.com/tests/608fe1ac617d451f9dc132cdc3a07f7b
]]></system-out>
    <system-err><![CDATA[Aug 10, 2022 1:57:25 PM org.openqa.selenium.remote.tracing.opentelemetry.OpenTelemetryTracer createTracer
INFO: Using OpenTelemetry for tracing
SLF4J: Failed to load class "org.slf4j.impl.StaticLoggerBinder".
SLF4J: Defaulting to no-operation (NOP) logger implementation
SLF4J: See http://www.slf4j.org/codes.html#StaticLoggerBinder for further details.
Aug 10, 2022 1:57:31 PM org.openqa.selenium.remote.ProtocolHandshake createSession
INFO: Detected dialect: W3C
]]></system-err>
  </testcase>
</testsuite>